C:\USERS\BALAZS\DOCUMENTS\VISUAL STUDIO 2010\PROJECTS\BALAZKERESIE176-17\BALAZKERESIE176-17\DEBUG\BALAZKERESIE176-17.EXE.EMBED.MANIFEST
C:\USERS\BALAZS\DOCUMENTS\VISUAL STUDIO 2010\PROJECTS\BALAZKERESIE176-17\BALAZKERESIE176-17\DEBUG\BALAZKERESIE176-17.EXE.EMBED.MANIFEST.RES
C:\USERS\BALAZS\DOCUMENTS\VISUAL STUDIO 2010\PROJECTS\BALAZKERESIE176-17\BALAZKERESIE176-17\DEBUG\BALAZKERESIE176-17.EXE.INTERMEDIATE.MANIFEST
C:\Users\Balazs\documents\visual studio 2010\Projects\BalazKeresiE176-17\BalazKeresiE176-17\Debug\BalazKeresiE176-17.vcxprojResolveAssemblyReference.cache
C:\Users\Balazs\documents\visual studio 2010\Projects\BalazKeresiE176-17\BalazKeresiE176-17\Debug\BalazKeresiE176-17.write.1.tlog
C:\Users\Balazs\documents\visual studio 2010\Projects\BalazKeresiE176-17\BalazKeresiE176-17\Debug\BalazKeresiE176-17_manifest.rc
C:\Users\Balazs\documents\visual studio 2010\Projects\BalazKeresiE176-17\BalazKeresiE176-17\Debug\cl.command.1.tlog
C:\Users\Balazs\documents\visual studio 2010\Projects\BalazKeresiE176-17\BalazKeresiE176-17\Debug\CL.read.1.tlog
C:\Users\Balazs\documents\visual studio 2010\Projects\BalazKeresiE176-17\BalazKeresiE176-17\Debug\CL.write.1.tlog
C:\Users\Balazs\documents\visual studio 2010\Projects\BalazKeresiE176-17\BalazKeresiE176-17\Debug\link.1476.read.1.tlog
C:\Users\Balazs\documents\visual studio 2010\Projects\BalazKeresiE176-17\BalazKeresiE176-17\Debug\link.1476.write.1.tlog
C:\Users\Balazs\documents\visual studio 2010\Projects\BalazKeresiE176-17\BalazKeresiE176-17\Debug\link.1476-cvtres.read.1.tlog
C:\Users\Balazs\documents\visual studio 2010\Projects\BalazKeresiE176-17\BalazKeresiE176-17\Debug\link.1476-cvtres.write.1.tlog
C:\Users\Balazs\documents\visual studio 2010\Projects\BalazKeresiE176-17\BalazKeresiE176-17\Debug\link.1660.read.1.tlog
C:\Users\Balazs\documents\visual studio 2010\Projects\BalazKeresiE176-17\BalazKeresiE176-17\Debug\link.1660.write.1.tlog
C:\Users\Balazs\documents\visual studio 2010\Projects\BalazKeresiE176-17\BalazKeresiE176-17\Debug\link.1660-cvtres.read.1.tlog
C:\Users\Balazs\documents\visual studio 2010\Projects\BalazKeresiE176-17\BalazKeresiE176-17\Debug\link.1660-cvtres.write.1.tlog
C:\Users\Balazs\documents\visual studio 2010\Projects\BalazKeresiE176-17\BalazKeresiE176-17\Debug\link.1868.read.1.tlog
C:\Users\Balazs\documents\visual studio 2010\Projects\BalazKeresiE176-17\BalazKeresiE176-17\Debug\link.1868.write.1.tlog
C:\Users\Balazs\documents\visual studio 2010\Projects\BalazKeresiE176-17\BalazKeresiE176-17\Debug\link.1868-cvtres.read.1.tlog
C:\Users\Balazs\documents\visual studio 2010\Projects\BalazKeresiE176-17\BalazKeresiE176-17\Debug\link.1868-cvtres.write.1.tlog
C:\Users\Balazs\documents\visual studio 2010\Projects\BalazKeresiE176-17\BalazKeresiE176-17\Debug\link.2152.read.1.tlog
C:\Users\Balazs\documents\visual studio 2010\Projects\BalazKeresiE176-17\BalazKeresiE176-17\Debug\link.2152.write.1.tlog
C:\Users\Balazs\documents\visual studio 2010\Projects\BalazKeresiE176-17\BalazKeresiE176-17\Debug\link.2152-cvtres.read.1.tlog
C:\Users\Balazs\documents\visual studio 2010\Projects\BalazKeresiE176-17\BalazKeresiE176-17\Debug\link.2152-cvtres.write.1.tlog
C:\Users\Balazs\documents\visual studio 2010\Projects\BalazKeresiE176-17\BalazKeresiE176-17\Debug\link.2356.read.1.tlog
C:\Users\Balazs\documents\visual studio 2010\Projects\BalazKeresiE176-17\BalazKeresiE176-17\Debug\link.2356.write.1.tlog
C:\Users\Balazs\documents\visual studio 2010\Projects\BalazKeresiE176-17\BalazKeresiE176-17\Debug\link.2356-cvtres.read.1.tlog
C:\Users\Balazs\documents\visual studio 2010\Projects\BalazKeresiE176-17\BalazKeresiE176-17\Debug\link.2356-cvtres.write.1.tlog
C:\Users\Balazs\documents\visual studio 2010\Projects\BalazKeresiE176-17\BalazKeresiE176-17\Debug\link.2624.read.1.tlog
C:\Users\Balazs\documents\visual studio 2010\Projects\BalazKeresiE176-17\BalazKeresiE176-17\Debug\link.2624.write.1.tlog
C:\Users\Balazs\documents\visual studio 2010\Projects\BalazKeresiE176-17\BalazKeresiE176-17\Debug\link.2624-cvtres.read.1.tlog
C:\Users\Balazs\documents\visual studio 2010\Projects\BalazKeresiE176-17\BalazKeresiE176-17\Debug\link.2624-cvtres.write.1.tlog
C:\Users\Balazs\documents\visual studio 2010\Projects\BalazKeresiE176-17\BalazKeresiE176-17\Debug\link.2684.read.1.tlog
C:\Users\Balazs\documents\visual studio 2010\Projects\BalazKeresiE176-17\BalazKeresiE176-17\Debug\link.2684.write.1.tlog
C:\Users\Balazs\documents\visual studio 2010\Projects\BalazKeresiE176-17\BalazKeresiE176-17\Debug\link.2684-cvtres.read.1.tlog
C:\Users\Balazs\documents\visual studio 2010\Projects\BalazKeresiE176-17\BalazKeresiE176-17\Debug\link.2684-cvtres.write.1.tlog
C:\Users\Balazs\documents\visual studio 2010\Projects\BalazKeresiE176-17\BalazKeresiE176-17\Debug\link.2780.read.1.tlog
C:\Users\Balazs\documents\visual studio 2010\Projects\BalazKeresiE176-17\BalazKeresiE176-17\Debug\link.2780.write.1.tlog
C:\Users\Balazs\documents\visual studio 2010\Projects\BalazKeresiE176-17\BalazKeresiE176-17\Debug\link.2780-cvtres.read.1.tlog
C:\Users\Balazs\documents\visual studio 2010\Projects\BalazKeresiE176-17\BalazKeresiE176-17\Debug\link.2780-cvtres.write.1.tlog
C:\Users\Balazs\documents\visual studio 2010\Projects\BalazKeresiE176-17\BalazKeresiE176-17\Debug\link.2900.read.1.tlog
C:\Users\Balazs\documents\visual studio 2010\Projects\BalazKeresiE176-17\BalazKeresiE176-17\Debug\link.2900.write.1.tlog
C:\Users\Balazs\documents\visual studio 2010\Projects\BalazKeresiE176-17\BalazKeresiE176-17\Debug\link.2900-cvtres.read.1.tlog
C:\Users\Balazs\documents\visual studio 2010\Projects\BalazKeresiE176-17\BalazKeresiE176-17\Debug\link.2900-cvtres.write.1.tlog
C:\Users\Balazs\documents\visual studio 2010\Projects\BalazKeresiE176-17\BalazKeresiE176-17\Debug\link.3016.read.1.tlog
C:\Users\Balazs\documents\visual studio 2010\Projects\BalazKeresiE176-17\BalazKeresiE176-17\Debug\link.3016.write.1.tlog
C:\Users\Balazs\documents\visual studio 2010\Projects\BalazKeresiE176-17\BalazKeresiE176-17\Debug\link.3016-cvtres.read.1.tlog
C:\Users\Balazs\documents\visual studio 2010\Projects\BalazKeresiE176-17\BalazKeresiE176-17\Debug\link.3016-cvtres.write.1.tlog
C:\Users\Balazs\documents\visual studio 2010\Projects\BalazKeresiE176-17\BalazKeresiE176-17\Debug\link.3124.read.1.tlog
C:\Users\Balazs\documents\visual studio 2010\Projects\BalazKeresiE176-17\BalazKeresiE176-17\Debug\link.3124.write.1.tlog
C:\Users\Balazs\documents\visual studio 2010\Projects\BalazKeresiE176-17\BalazKeresiE176-17\Debug\link.3124-cvtres.read.1.tlog
C:\Users\Balazs\documents\visual studio 2010\Projects\BalazKeresiE176-17\BalazKeresiE176-17\Debug\link.3124-cvtres.write.1.tlog
C:\Users\Balazs\documents\visual studio 2010\Projects\BalazKeresiE176-17\BalazKeresiE176-17\Debug\link.332.read.1.tlog
C:\Users\Balazs\documents\visual studio 2010\Projects\BalazKeresiE176-17\BalazKeresiE176-17\Debug\link.332.write.1.tlog
C:\Users\Balazs\documents\visual studio 2010\Projects\BalazKeresiE176-17\BalazKeresiE176-17\Debug\link.332-cvtres.read.1.tlog
C:\Users\Balazs\documents\visual studio 2010\Projects\BalazKeresiE176-17\BalazKeresiE176-17\Debug\link.332-cvtres.write.1.tlog
C:\Users\Balazs\documents\visual studio 2010\Projects\BalazKeresiE176-17\BalazKeresiE176-17\Debug\link.3348.read.1.tlog
C:\Users\Balazs\documents\visual studio 2010\Projects\BalazKeresiE176-17\BalazKeresiE176-17\Debug\link.3348.write.1.tlog
C:\Users\Balazs\documents\visual studio 2010\Projects\BalazKeresiE176-17\BalazKeresiE176-17\Debug\link.3348-cvtres.read.1.tlog
C:\Users\Balazs\documents\visual studio 2010\Projects\BalazKeresiE176-17\BalazKeresiE176-17\Debug\link.3348-cvtres.write.1.tlog
C:\Users\Balazs\documents\visual studio 2010\Projects\BalazKeresiE176-17\BalazKeresiE176-17\Debug\link.3408.read.1.tlog
C:\Users\Balazs\documents\visual studio 2010\Projects\BalazKeresiE176-17\BalazKeresiE176-17\Debug\link.3408.write.1.tlog
C:\Users\Balazs\documents\visual studio 2010\Projects\BalazKeresiE176-17\BalazKeresiE176-17\Debug\link.3408-cvtres.read.1.tlog
C:\Users\Balazs\documents\visual studio 2010\Projects\BalazKeresiE176-17\BalazKeresiE176-17\Debug\link.3408-cvtres.write.1.tlog
C:\Users\Balazs\documents\visual studio 2010\Projects\BalazKeresiE176-17\BalazKeresiE176-17\Debug\link.344.read.1.tlog
C:\Users\Balazs\documents\visual studio 2010\Projects\BalazKeresiE176-17\BalazKeresiE176-17\Debug\link.344.write.1.tlog
C:\Users\Balazs\documents\visual studio 2010\Projects\BalazKeresiE176-17\BalazKeresiE176-17\Debug\link.344-cvtres.read.1.tlog
C:\Users\Balazs\documents\visual studio 2010\Projects\BalazKeresiE176-17\BalazKeresiE176-17\Debug\link.344-cvtres.write.1.tlog
C:\Users\Balazs\documents\visual studio 2010\Projects\BalazKeresiE176-17\BalazKeresiE176-17\Debug\link.3616.read.1.tlog
C:\Users\Balazs\documents\visual studio 2010\Projects\BalazKeresiE176-17\BalazKeresiE176-17\Debug\link.3616.write.1.tlog
C:\Users\Balazs\documents\visual studio 2010\Projects\BalazKeresiE176-17\BalazKeresiE176-17\Debug\link.3616-cvtres.read.1.tlog
C:\Users\Balazs\documents\visual studio 2010\Projects\BalazKeresiE176-17\BalazKeresiE176-17\Debug\link.3616-cvtres.write.1.tlog
C:\Users\Balazs\documents\visual studio 2010\Projects\BalazKeresiE176-17\BalazKeresiE176-17\Debug\link.3636.read.1.tlog
C:\Users\Balazs\documents\visual studio 2010\Projects\BalazKeresiE176-17\BalazKeresiE176-17\Debug\link.3636.write.1.tlog
C:\Users\Balazs\documents\visual studio 2010\Projects\BalazKeresiE176-17\BalazKeresiE176-17\Debug\link.3636-cvtres.read.1.tlog
C:\Users\Balazs\documents\visual studio 2010\Projects\BalazKeresiE176-17\BalazKeresiE176-17\Debug\link.3636-cvtres.write.1.tlog
C:\Users\Balazs\documents\visual studio 2010\Projects\BalazKeresiE176-17\BalazKeresiE176-17\Debug\link.3780.read.1.tlog
C:\Users\Balazs\documents\visual studio 2010\Projects\BalazKeresiE176-17\BalazKeresiE176-17\Debug\link.3780.write.1.tlog
C:\Users\Balazs\documents\visual studio 2010\Projects\BalazKeresiE176-17\BalazKeresiE176-17\Debug\link.3780-cvtres.read.1.tlog
C:\Users\Balazs\documents\visual studio 2010\Projects\BalazKeresiE176-17\BalazKeresiE176-17\Debug\link.3780-cvtres.write.1.tlog
C:\Users\Balazs\documents\visual studio 2010\Projects\BalazKeresiE176-17\BalazKeresiE176-17\Debug\link.3876.read.1.tlog
C:\Users\Balazs\documents\visual studio 2010\Projects\BalazKeresiE176-17\BalazKeresiE176-17\Debug\link.3876.write.1.tlog
C:\Users\Balazs\documents\visual studio 2010\Projects\BalazKeresiE176-17\BalazKeresiE176-17\Debug\link.3876-cvtres.read.1.tlog
C:\Users\Balazs\documents\visual studio 2010\Projects\BalazKeresiE176-17\BalazKeresiE176-17\Debug\link.3876-cvtres.write.1.tlog
C:\Users\Balazs\documents\visual studio 2010\Projects\BalazKeresiE176-17\BalazKeresiE176-17\Debug\link.3904.read.1.tlog
C:\Users\Balazs\documents\visual studio 2010\Projects\BalazKeresiE176-17\BalazKeresiE176-17\Debug\link.3904.write.1.tlog
C:\Users\Balazs\documents\visual studio 2010\Projects\BalazKeresiE176-17\BalazKeresiE176-17\Debug\link.3904-cvtres.read.1.tlog
C:\Users\Balazs\documents\visual studio 2010\Projects\BalazKeresiE176-17\BalazKeresiE176-17\Debug\link.3904-cvtres.write.1.tlog
C:\Users\Balazs\documents\visual studio 2010\Projects\BalazKeresiE176-17\BalazKeresiE176-17\Debug\link.3976.read.1.tlog
C:\Users\Balazs\documents\visual studio 2010\Projects\BalazKeresiE176-17\BalazKeresiE176-17\Debug\link.3976.write.1.tlog
C:\Users\Balazs\documents\visual studio 2010\Projects\BalazKeresiE176-17\BalazKeresiE176-17\Debug\link.3976-cvtres.read.1.tlog
C:\Users\Balazs\documents\visual studio 2010\Projects\BalazKeresiE176-17\BalazKeresiE176-17\Debug\link.3976-cvtres.write.1.tlog
C:\Users\Balazs\documents\visual studio 2010\Projects\BalazKeresiE176-17\BalazKeresiE176-17\Debug\link.4068.read.1.tlog
C:\Users\Balazs\documents\visual studio 2010\Projects\BalazKeresiE176-17\BalazKeresiE176-17\Debug\link.4068.write.1.tlog
C:\Users\Balazs\documents\visual studio 2010\Projects\BalazKeresiE176-17\BalazKeresiE176-17\Debug\link.4068-cvtres.read.1.tlog
C:\Users\Balazs\documents\visual studio 2010\Projects\BalazKeresiE176-17\BalazKeresiE176-17\Debug\link.4068-cvtres.write.1.tlog
C:\Users\Balazs\documents\visual studio 2010\Projects\BalazKeresiE176-17\BalazKeresiE176-17\Debug\link.4160.read.1.tlog
C:\Users\Balazs\documents\visual studio 2010\Projects\BalazKeresiE176-17\BalazKeresiE176-17\Debug\link.4160.write.1.tlog
C:\Users\Balazs\documents\visual studio 2010\Projects\BalazKeresiE176-17\BalazKeresiE176-17\Debug\link.4160-cvtres.read.1.tlog
C:\Users\Balazs\documents\visual studio 2010\Projects\BalazKeresiE176-17\BalazKeresiE176-17\Debug\link.4160-cvtres.write.1.tlog
C:\Users\Balazs\documents\visual studio 2010\Projects\BalazKeresiE176-17\BalazKeresiE176-17\Debug\link.4344.read.1.tlog
C:\Users\Balazs\documents\visual studio 2010\Projects\BalazKeresiE176-17\BalazKeresiE176-17\Debug\link.4344.write.1.tlog
C:\Users\Balazs\documents\visual studio 2010\Projects\BalazKeresiE176-17\BalazKeresiE176-17\Debug\link.4344-cvtres.read.1.tlog
C:\Users\Balazs\documents\visual studio 2010\Projects\BalazKeresiE176-17\BalazKeresiE176-17\Debug\link.4344-cvtres.write.1.tlog
C:\Users\Balazs\documents\visual studio 2010\Projects\BalazKeresiE176-17\BalazKeresiE176-17\Debug\link.4496.read.1.tlog
C:\Users\Balazs\documents\visual studio 2010\Projects\BalazKeresiE176-17\BalazKeresiE176-17\Debug\link.4496.write.1.tlog
C:\Users\Balazs\documents\visual studio 2010\Projects\BalazKeresiE176-17\BalazKeresiE176-17\Debug\link.4496-cvtres.read.1.tlog
C:\Users\Balazs\documents\visual studio 2010\Projects\BalazKeresiE176-17\BalazKeresiE176-17\Debug\link.4496-cvtres.write.1.tlog
C:\Users\Balazs\documents\visual studio 2010\Projects\BalazKeresiE176-17\BalazKeresiE176-17\Debug\link.4508.read.1.tlog
C:\Users\Balazs\documents\visual studio 2010\Projects\BalazKeresiE176-17\BalazKeresiE176-17\Debug\link.4508.write.1.tlog
C:\Users\Balazs\documents\visual studio 2010\Projects\BalazKeresiE176-17\BalazKeresiE176-17\Debug\link.4508-cvtres.read.1.tlog
C:\Users\Balazs\documents\visual studio 2010\Projects\BalazKeresiE176-17\BalazKeresiE176-17\Debug\link.4508-cvtres.write.1.tlog
C:\Users\Balazs\documents\visual studio 2010\Projects\BalazKeresiE176-17\BalazKeresiE176-17\Debug\link.4616.read.1.tlog
C:\Users\Balazs\documents\visual studio 2010\Projects\BalazKeresiE176-17\BalazKeresiE176-17\Debug\link.4616.write.1.tlog
C:\Users\Balazs\documents\visual studio 2010\Projects\BalazKeresiE176-17\BalazKeresiE176-17\Debug\link.4616-cvtres.read.1.tlog
C:\Users\Balazs\documents\visual studio 2010\Projects\BalazKeresiE176-17\BalazKeresiE176-17\Debug\link.4616-cvtres.write.1.tlog
C:\Users\Balazs\documents\visual studio 2010\Projects\BalazKeresiE176-17\BalazKeresiE176-17\Debug\link.4696.read.1.tlog
C:\Users\Balazs\documents\visual studio 2010\Projects\BalazKeresiE176-17\BalazKeresiE176-17\Debug\link.4696.write.1.tlog
C:\Users\Balazs\documents\visual studio 2010\Projects\BalazKeresiE176-17\BalazKeresiE176-17\Debug\link.4696-cvtres.read.1.tlog
C:\Users\Balazs\documents\visual studio 2010\Projects\BalazKeresiE176-17\BalazKeresiE176-17\Debug\link.4696-cvtres.write.1.tlog
C:\Users\Balazs\documents\visual studio 2010\Projects\BalazKeresiE176-17\BalazKeresiE176-17\Debug\link.4760.read.1.tlog
C:\Users\Balazs\documents\visual studio 2010\Projects\BalazKeresiE176-17\BalazKeresiE176-17\Debug\link.4760.write.1.tlog
C:\Users\Balazs\documents\visual studio 2010\Projects\BalazKeresiE176-17\BalazKeresiE176-17\Debug\link.4760-cvtres.read.1.tlog
C:\Users\Balazs\documents\visual studio 2010\Projects\BalazKeresiE176-17\BalazKeresiE176-17\Debug\link.4760-cvtres.write.1.tlog
C:\Users\Balazs\documents\visual studio 2010\Projects\BalazKeresiE176-17\BalazKeresiE176-17\Debug\link.4768.read.1.tlog
C:\Users\Balazs\documents\visual studio 2010\Projects\BalazKeresiE176-17\BalazKeresiE176-17\Debug\link.4768.write.1.tlog
C:\Users\Balazs\documents\visual studio 2010\Projects\BalazKeresiE176-17\BalazKeresiE176-17\Debug\link.4768-cvtres.read.1.tlog
C:\Users\Balazs\documents\visual studio 2010\Projects\BalazKeresiE176-17\BalazKeresiE176-17\Debug\link.4768-cvtres.write.1.tlog
C:\Users\Balazs\documents\visual studio 2010\Projects\BalazKeresiE176-17\BalazKeresiE176-17\Debug\link.5008.read.1.tlog
C:\Users\Balazs\documents\visual studio 2010\Projects\BalazKeresiE176-17\BalazKeresiE176-17\Debug\link.5008.write.1.tlog
C:\Users\Balazs\documents\visual studio 2010\Projects\BalazKeresiE176-17\BalazKeresiE176-17\Debug\link.5008-cvtres.read.1.tlog
C:\Users\Balazs\documents\visual studio 2010\Projects\BalazKeresiE176-17\BalazKeresiE176-17\Debug\link.5008-cvtres.write.1.tlog
C:\Users\Balazs\documents\visual studio 2010\Projects\BalazKeresiE176-17\BalazKeresiE176-17\Debug\link.5072.read.1.tlog
C:\Users\Balazs\documents\visual studio 2010\Projects\BalazKeresiE176-17\BalazKeresiE176-17\Debug\link.5072.write.1.tlog
C:\Users\Balazs\documents\visual studio 2010\Projects\BalazKeresiE176-17\BalazKeresiE176-17\Debug\link.5072-cvtres.read.1.tlog
C:\Users\Balazs\documents\visual studio 2010\Projects\BalazKeresiE176-17\BalazKeresiE176-17\Debug\link.5072-cvtres.write.1.tlog
C:\Users\Balazs\documents\visual studio 2010\Projects\BalazKeresiE176-17\BalazKeresiE176-17\Debug\link.5116.read.1.tlog
C:\Users\Balazs\documents\visual studio 2010\Projects\BalazKeresiE176-17\BalazKeresiE176-17\Debug\link.5116.write.1.tlog
C:\Users\Balazs\documents\visual studio 2010\Projects\BalazKeresiE176-17\BalazKeresiE176-17\Debug\link.5116-cvtres.read.1.tlog
C:\Users\Balazs\documents\visual studio 2010\Projects\BalazKeresiE176-17\BalazKeresiE176-17\Debug\link.5116-cvtres.write.1.tlog
C:\Users\Balazs\documents\visual studio 2010\Projects\BalazKeresiE176-17\BalazKeresiE176-17\Debug\link.5736.read.1.tlog
C:\Users\Balazs\documents\visual studio 2010\Projects\BalazKeresiE176-17\BalazKeresiE176-17\Debug\link.5736.write.1.tlog
C:\Users\Balazs\documents\visual studio 2010\Projects\BalazKeresiE176-17\BalazKeresiE176-17\Debug\link.5736-cvtres.read.1.tlog
C:\Users\Balazs\documents\visual studio 2010\Projects\BalazKeresiE176-17\BalazKeresiE176-17\Debug\link.5736-cvtres.write.1.tlog
C:\Users\Balazs\documents\visual studio 2010\Projects\BalazKeresiE176-17\BalazKeresiE176-17\Debug\link.776.read.1.tlog
C:\Users\Balazs\documents\visual studio 2010\Projects\BalazKeresiE176-17\BalazKeresiE176-17\Debug\link.776.write.1.tlog
C:\Users\Balazs\documents\visual studio 2010\Projects\BalazKeresiE176-17\BalazKeresiE176-17\Debug\link.776-cvtres.read.1.tlog
C:\Users\Balazs\documents\visual studio 2010\Projects\BalazKeresiE176-17\BalazKeresiE176-17\Debug\link.776-cvtres.write.1.tlog
C:\Users\Balazs\documents\visual studio 2010\Projects\BalazKeresiE176-17\BalazKeresiE176-17\Debug\link.832.read.1.tlog
C:\Users\Balazs\documents\visual studio 2010\Projects\BalazKeresiE176-17\BalazKeresiE176-17\Debug\link.832.write.1.tlog
C:\Users\Balazs\documents\visual studio 2010\Projects\BalazKeresiE176-17\BalazKeresiE176-17\Debug\link.832-cvtres.read.1.tlog
C:\Users\Balazs\documents\visual studio 2010\Projects\BalazKeresiE176-17\BalazKeresiE176-17\Debug\link.832-cvtres.write.1.tlog
C:\Users\Balazs\documents\visual studio 2010\Projects\BalazKeresiE176-17\BalazKeresiE176-17\Debug\link.command.1.tlog
C:\Users\Balazs\documents\visual studio 2010\Projects\BalazKeresiE176-17\BalazKeresiE176-17\Debug\link.read.1.tlog
C:\Users\Balazs\documents\visual studio 2010\Projects\BalazKeresiE176-17\BalazKeresiE176-17\Debug\link.write.1.tlog
C:\Users\Balazs\documents\visual studio 2010\Projects\BalazKeresiE176-17\BalazKeresiE176-17\Debug\link-cvtres.read.1.tlog
C:\Users\Balazs\documents\visual studio 2010\Projects\BalazKeresiE176-17\BalazKeresiE176-17\Debug\link-cvtres.write.1.tlog
C:\USERS\BALAZS\DOCUMENTS\VISUAL STUDIO 2010\PROJECTS\BALAZKERESIE176-17\BALAZKERESIE176-17\DEBUG\MAIN.OBJ
C:\USERS\BALAZS\DOCUMENTS\VISUAL STUDIO 2010\PROJECTS\BALAZKERESIE176-17\BALAZKERESIE176-17\DEBUG\MATRIX.OBJ
C:\Users\Balazs\documents\visual studio 2010\Projects\BalazKeresiE176-17\BalazKeresiE176-17\Debug\mt.command.1.tlog
C:\Users\Balazs\documents\visual studio 2010\Projects\BalazKeresiE176-17\BalazKeresiE176-17\Debug\mt.read.1.tlog
C:\Users\Balazs\documents\visual studio 2010\Projects\BalazKeresiE176-17\BalazKeresiE176-17\Debug\mt.write.1.tlog
C:\Users\Balazs\documents\visual studio 2010\Projects\BalazKeresiE176-17\BalazKeresiE176-17\Debug\rc.command.1.tlog
C:\Users\Balazs\documents\visual studio 2010\Projects\BalazKeresiE176-17\BalazKeresiE176-17\Debug\rc.read.1.tlog
C:\Users\Balazs\documents\visual studio 2010\Projects\BalazKeresiE176-17\BalazKeresiE176-17\Debug\rc.write.1.tlog
C:\Users\Balazs\documents\visual studio 2010\Projects\BalazKeresiE176-17\BalazKeresiE176-17\Debug\vc100.idb
C:\USERS\BALAZS\DOCUMENTS\VISUAL STUDIO 2010\PROJECTS\BALAZKERESIE176-17\BALAZKERESIE176-17\DEBUG\VC100.PDB
C:\USERS\BALAZS\DOCUMENTS\VISUAL STUDIO 2010\PROJECTS\BALAZKERESIE176-17\BALAZKERESIE176-17\DEBUG\WARD.OBJ
C:\USERS\BALAZS\DOCUMENTS\VISUAL STUDIO 2010\PROJECTS\BALAZKERESIE176-17\DEBUG\BALAZKERESIE176-17.EXE
C:\USERS\BALAZS\DOCUMENTS\VISUAL STUDIO 2010\PROJECTS\BALAZKERESIE176-17\DEBUG\BALAZKERESIE176-17.ILK
C:\USERS\BALAZS\DOCUMENTS\VISUAL STUDIO 2010\PROJECTS\BALAZKERESIE176-17\DEBUG\BALAZKERESIE176-17.PDB
